<?xml version="1.0" encoding="UTF-8"?>
<!-- Generated by org.testng.reporters.JUnitXMLReporter -->
<testsuite ignored="0" hostname="DESKTOP-7439PIB" failures="0" tests="4" name="LoginTestRun" time="65.188" errors="0" timestamp="2026-09-24T14:15:47 IST">
  <testcase classname="com.automation.LoginTest" name="login" time="6.843"/>
  <testcase classname="com.automation.LoginTest" name="login" time="6.899"/>
  <testcase classname="com.automation.LoginTest" name="login" time="5.81"/>
  <testcase classname="com.automation.LoginTest" name="login" time="1.218"/>
</testsuite> <!-- LoginTestRun -->
