<?xml version="1.0" encoding="UTF-8"?>
<!-- Generated by org.testng.reporters.JUnitReportReporter -->
<testsuite hostname="DESKTOP-7439PIB" failures="0" tests="2" name="com.automation.HomeWork_Task_DataProviderForm_ExelSheet" time="18.917" errors="0" timestamp="2026-09-24T15:25:30 IST" skipped="0">
  <testcase classname="com.automation.HomeWork_Task_DataProviderForm_ExelSheet" name="login" time="7.743"/>
  <testcase classname="com.automation.HomeWork_Task_DataProviderForm_ExelSheet" name="login" time="11.174"/>
</testsuite> <!-- com.automation.HomeWork_Task_DataProviderForm_ExelSheet -->
