<?xml version="1.0" encoding="UTF-8"?>
<!-- Generated by org.testng.reporters.JUnitReportReporter -->
<testsuite hostname="DESKTOP-7439PIB" failures="0" tests="4" name="com.automation.LoginTest" time="64.957" errors="0" timestamp="2026-09-24T14:15:47 IST" skipped="0">
  <testcase classname="com.automation.LoginTest" name="login" time="8.098"/>
  <testcase classname="com.automation.LoginTest" name="login" time="13.140"/>
  <testcase classname="com.automation.LoginTest" name="login" time="25.943"/>
  <testcase classname="com.automation.LoginTest" name="login" time="17.776"/>
</testsuite> <!-- com.automation.LoginTest -->
