<?xml version="1.0" encoding="UTF-8"?>
<!-- Generated by org.testng.reporters.JUnitReportReporter -->
<testsuite hostname="DESKTOP-7439PIB" failures="0" tests="4" name="com.automation.DataProviderTest" time="0.041" errors="0" timestamp="2026-09-24T15:20:31 IST" skipped="0">
  <testcase classname="com.automation.DataProviderTest" name="Display" time="0.028"/>
  <testcase classname="com.automation.DataProviderTest" name="Display" time="0.004"/>
  <testcase classname="com.automation.DataProviderTest" name="Display" time="0.004"/>
  <testcase classname="com.automation.DataProviderTest" name="Display" time="0.005"/>
</testsuite> <!-- com.automation.DataProviderTest -->
