<?xml version="1.0" encoding="UTF-8"?>
<testng-results ignored="0" total="3" passed="3" failed="0" skipped="0">
  <reporter-output>
  </reporter-output>
  <suite started-at="2026-09-18T13:09:00 IST" name="AdminLTETesting" finished-at="2026-09-18T13:10:00 IST" duration-ms="59867">
    <groups>
    </groups>
    <test started-at="2026-09-18T13:09:00 IST" name="Login Test" finished-at="2026-09-18T13:09:24 IST" duration-ms="24128">
      <class name="com.automation.LoginTest">
        <test-method is-config="true" signature="setUp()[pri:0, instance:com.automation.LoginTest@7ec7ffd3]" started-at="2026-09-18T13:09:00 IST" name="setUp" finished-at="2026-09-18T13:09:07 IST" duration-ms="6699" status="PASS">
          <reporter-output>
          </reporter-output>
        </test-method> <!-- setUp -->
        <test-method signature="loginTest()[pri:0, instance:com.automation.LoginTest@7ec7ffd3]" started-at="2026-09-18T13:09:07 IST" name="loginTest" finished-at="2026-09-18T13:09:23 IST" duration-ms="16075" status="PASS">
          <reporter-output>
          </reporter-output>
        </test-method> <!-- loginTest -->
        <test-method is-config="true" signature="tearDown()[pri:0, instance:com.automation.LoginTest@7ec7ffd3]" started-at="2026-09-18T13:09:23 IST" name="tearDown" finished-at="2026-09-18T13:09:24 IST" duration-ms="1178" status="PASS">
          <reporter-output>
          </reporter-output>
        </test-method> <!-- tearDown -->
      </class> <!-- com.automation.LoginTest -->
    </test> <!-- Login Test -->
    <test started-at="2026-09-18T13:09:25 IST" name="Register Test" finished-at="2026-09-18T13:09:40 IST" duration-ms="15684">
      <class name="com.automation.RegisterTest">
        <test-method is-config="true" signature="setUp()[pri:0, instance:com.automation.RegisterTest@515c6049]" started-at="2026-09-18T13:09:25 IST" name="setUp" finished-at="2026-09-18T13:09:31 IST" duration-ms="6251" status="PASS">
          <reporter-output>
          </reporter-output>
        </test-method> <!-- setUp -->
        <test-method signature="registerTest()[pri:0, instance:com.automation.RegisterTest@515c6049]" started-at="2026-09-18T13:09:31 IST" name="registerTest" finished-at="2026-09-18T13:09:37 IST" duration-ms="5524" status="PASS">
          <reporter-output>
          </reporter-output>
        </test-method> <!-- registerTest -->
        <test-method is-config="true" signature="tearDown()[pri:0, instance:com.automation.RegisterTest@515c6049]" started-at="2026-09-18T13:09:37 IST" name="tearDown" finished-at="2026-09-18T13:09:40 IST" duration-ms="3882" status="PASS">
          <reporter-output>
          </reporter-output>
        </test-method> <!-- tearDown -->
      </class> <!-- com.automation.RegisterTest -->
    </test> <!-- Register Test -->
    <test started-at="2026-09-18T13:09:40 IST" name="Add User Test" finished-at="2026-09-18T13:10:00 IST" duration-ms="19601">
      <class name="com.automation.AddUserTest">
        <test-method is-config="true" signature="setUp()[pri:0, instance:com.automation.AddUserTest@765d7657]" started-at="2026-09-18T13:09:40 IST" name="setUp" finished-at="2026-09-18T13:09:47 IST" duration-ms="6653" status="PASS">
          <reporter-output>
          </reporter-output>
        </test-method> <!-- setUp -->
        <test-method signature="addUserTest()[pri:0, instance:com.automation.AddUserTest@765d7657]" started-at="2026-09-18T13:09:47 IST" name="addUserTest" finished-at="2026-09-18T13:09:58 IST" duration-ms="10802" status="PASS">
          <reporter-output>
          </reporter-output>
        </test-method> <!-- addUserTest -->
        <test-method is-config="true" signature="tearDown()[pri:0, instance:com.automation.AddUserTest@765d7657]" started-at="2026-09-18T13:09:58 IST" name="tearDown" finished-at="2026-09-18T13:10:00 IST" duration-ms="2105" status="PASS">
          <reporter-output>
          </reporter-output>
        </test-method> <!-- tearDown -->
      </class> <!-- com.automation.AddUserTest -->
    </test> <!-- Add User Test -->
  </suite> <!-- AdminLTETesting -->
</testng-results>
