<?xml version="1.0" encoding="UTF-8"?>
<!-- Generated by org.testng.reporters.JUnitXMLReporter -->
<testsuite ignored="0" hostname="DESKTOP-7439PIB" failures="3" tests="4" name="DataProvider Login Test" time="77.137" errors="0" timestamp="2026-09-22T18:04:50 IST">
  <testcase classname="com.automation.LoginTest" name="checkLogin" time="15.519"/>
  <testcase classname="com.automation.LoginTest" name="checkLogin" time="8.138">
    <failure type="java.lang.AssertionError" message="Login navigation failed! did not expect [JavaByKiran | Log in] but found [JavaByKiran | Log in]">
      <![CDATA[java.lang.AssertionError: Login navigation failed! did not expect [JavaByKiran | Log in] but found [JavaByKiran | Log in]
at com.automation.LoginTest.checkLogin(LoginTest.java:58)
at java.base/java.util.ArrayList.forEach(ArrayList.java:1596)
... Removed 29 stack frames]]>
    </failure>
  </testcase> <!-- checkLogin -->
  <testcase classname="com.automation.LoginTest" name="checkLogin" time="9.054">
    <failure type="java.lang.AssertionError" message="Login navigation failed! did not expect [JavaByKiran | Log in] but found [JavaByKiran | Log in]">
      <![CDATA[java.lang.AssertionError: Login navigation failed! did not expect [JavaByKiran | Log in] but found [JavaByKiran | Log in]
at com.automation.LoginTest.checkLogin(LoginTest.java:58)
at java.base/java.util.ArrayList.forEach(ArrayList.java:1596)
... Removed 29 stack frames]]>
    </failure>
  </testcase> <!-- checkLogin -->
  <testcase classname="com.automation.LoginTest" name="checkLogin" time="5.22">
    <failure type="java.lang.AssertionError" message="Login navigation failed! did not expect [JavaByKiran | Log in] but found [JavaByKiran | Log in]">
      <![CDATA[java.lang.AssertionError: Login navigation failed! did not expect [JavaByKiran | Log in] but found [JavaByKiran | Log in]
at com.automation.LoginTest.checkLogin(LoginTest.java:58)
at java.base/java.util.ArrayList.forEach(ArrayList.java:1596)
... Removed 29 stack frames]]>
    </failure>
  </testcase> <!-- checkLogin -->
</testsuite> <!-- DataProvider Login Test -->
