<?xml version="1.0" encoding="UTF-8"?>
<!-- Generated by org.testng.reporters.JUnitXMLReporter -->
<testsuite ignored="0" hostname="DESKTOP-7439PIB" failures="0" tests="4" name="StudentDataProviderTest" time="0.161" errors="0" timestamp="2026-09-24T15:20:31 IST">
  <testcase classname="com.automation.DataProviderTest" name="Display" time="0.028"/>
  <testcase classname="com.automation.DataProviderTest" name="Display" time="0.004"/>
  <testcase classname="com.automation.DataProviderTest" name="Display" time="0.004"/>
  <testcase classname="com.automation.DataProviderTest" name="Display" time="0.005"/>
</testsuite> <!-- StudentDataProviderTest -->
