<?xml version="1.0" encoding="UTF-8"?>
<!-- Generated by org.testng.reporters.JUnitXMLReporter -->
<testsuite ignored="0" hostname="DESKTOP-7439PIB" failures="2" tests="3" name="Login Test" time="62.023" errors="0" timestamp="2026-09-18T13:02:19 IST">
  <testcase classname="com.automation.LoginTest" name="loginPositiveTest" time="2.038">
    <failure type="org.openqa.selenium.NoSuchElementException" message="no such element: Unable to locate element: {&amp;quot;method&amp;quot;:&amp;quot;xpath&amp;quot;,&amp;quot;selector&amp;quot;:&amp;quot;//*[@id=&amp;quot;form&amp;quot;]/div[3]/div/div/button&amp;quot;}
  (Session info: MicrosoftEdge=153.0.4234.32)
For documentation on this error, please visit: https://www.selenium.dev/documentation/webdriver/troubleshooting/errors#nosuchelementexception
Build info: version: &amp;apos;4.40.0&amp;apos;, revision: &amp;apos;b3333f1&amp;apos;
System info: os.name: &amp;apos;Windows 11&amp;apos;, os.arch: &amp;apos;amd64&amp;apos;, os.version: &amp;apos;10.0&amp;apos;, java.version: &amp;apos;21.0.6&amp;apos;
Driver info: org.openqa.selenium.edge.EdgeDriver
Command: [c960899bbb5000891b84479d66a0fa9c, findElement {using=xpath, value=//*[@id=&amp;quot;form&amp;quot;]/div[3]/div/div/button}]
Capabilities {acceptInsecureCerts: false, browserName: MicrosoftEdge, browserVersion: 153.0.4234.32, fedcm:accounts: true, goog:processID: 14264, ms:edgeOptions: {debuggerAddress: localhost:17751}, msedge: {msedgedriverVersion: 153.0.4234.32 (9aab8632678b..., userDataDir: C:\Users\racha\AppData\Loca...}, networkConnectionEnabled: false, pageLoadStrategy: normal, platformName: windows, proxy: Proxy(), se:cdp: ws://localhost:17751/devtoo..., se:cdpVersion: 153.0.4234.32, setWindowRect: true, strictFileInteractability: false, timeouts: {implicit: 0, pageLoad: 300000, script: 30000}, unhandledPromptBehavior: dismiss and notify, webauthn:extension:cmtgKey: true, webauthn:extension:credBlob: true, webauthn:extension:largeBlob: true, webauthn:extension:minPinLength: true, webauthn:extension:prf: true, webauthn:virtualAuthenticators: true}
Session ID: c960899bbb5000891b84479d66a0fa9c">
      <![CDATA[org.openqa.selenium.NoSuchElementException: no such element: Unable to locate element: {"method":"xpath","selector":"//*[@id="form"]/div[3]/div/div/button"}
  (Session info: MicrosoftEdge=153.0.4234.32)
For documentation on this error, please visit: https://www.selenium.dev/documentation/webdriver/troubleshooting/errors#nosuchelementexception
Build info: version: '4.40.0', revision: 'b3333f1'
System info: os.name: 'Windows 11', os.arch: 'amd64', os.version: '10.0', java.version: '21.0.6'
Driver info: org.openqa.selenium.edge.EdgeDriver
Command: [c960899bbb5000891b84479d66a0fa9c, findElement {using=xpath, value=//*[@id="form"]/div[3]/div/div/button}]
Capabilities {acceptInsecureCerts: false, browserName: MicrosoftEdge, browserVersion: 153.0.4234.32, fedcm:accounts: true, goog:processID: 14264, ms:edgeOptions: {debuggerAddress: localhost:17751}, msedge: {msedgedriverVersion: 153.0.4234.32 (9aab8632678b..., userDataDir: C:\Users\racha\AppData\Loca...}, networkConnectionEnabled: false, pageLoadStrategy: normal, platformName: windows, proxy: Proxy(), se:cdp: ws://localhost:17751/devtoo..., se:cdpVersion: 153.0.4234.32, setWindowRect: true, strictFileInteractability: false, timeouts: {implicit: 0, pageLoad: 300000, script: 30000}, unhandledPromptBehavior: dismiss and notify, webauthn:extension:cmtgKey: true, webauthn:extension:credBlob: true, webauthn:extension:largeBlob: true, webauthn:extension:minPinLength: true, webauthn:extension:prf: true, webauthn:virtualAuthenticators: true}
Session ID: c960899bbb5000891b84479d66a0fa9c
at org.openqa.selenium.remote.ErrorCodec.decode(ErrorCodec.java:169)
at org.openqa.selenium.remote.codec.w3c.W3CHttpResponseCodec.decode(W3CHttpResponseCodec.java:142)
at org.openqa.selenium.remote.codec.w3c.W3CHttpResponseCodec.decode(W3CHttpResponseCodec.java:49)
at org.openqa.selenium.remote.HttpCommandExecutor.execute(HttpCommandExecutor.java:223)
at org.openqa.selenium.remote.service.DriverCommandExecutor.invokeExecute(DriverCommandExecutor.java:216)
at org.openqa.selenium.remote.service.DriverCommandExecutor.execute(DriverCommandExecutor.java:174)
at org.openqa.selenium.remote.RemoteWebDriver.execute(RemoteWebDriver.java:601)
at org.openqa.selenium.remote.ElementLocation$ElementFinder$2.findElement(ElementLocation.java:166)
at org.openqa.selenium.remote.ElementLocation.findElement(ElementLocation.java:60)
at org.openqa.selenium.remote.RemoteWebDriver.findElement(RemoteWebDriver.java:424)
at org.openqa.selenium.remote.RemoteWebDriver.findElement(RemoteWebDriver.java:418)
at com.automation.LoginTest.loginPositiveTest(LoginTest.java:32)
at java.base/java.util.ArrayList.forEach(ArrayList.java:1596)
... Removed 25 stack frames]]>
    </failure>
  </testcase> <!-- loginPositiveTest -->
  <testcase classname="com.automation.LoginTest" name="loginIncorrectemailTest" time="1.083">
    <failure type="org.openqa.selenium.NoSuchElementException" message="no such element: Unable to locate element: {&amp;quot;method&amp;quot;:&amp;quot;xpath&amp;quot;,&amp;quot;selector&amp;quot;:&amp;quot;//*[@id=&amp;quot;form&amp;quot;]/div[3]/div/div/button&amp;quot;}
  (Session info: MicrosoftEdge=153.0.4234.32)
For documentation on this error, please visit: https://www.selenium.dev/documentation/webdriver/troubleshooting/errors#nosuchelementexception
Build info: version: &amp;apos;4.40.0&amp;apos;, revision: &amp;apos;b3333f1&amp;apos;
System info: os.name: &amp;apos;Windows 11&amp;apos;, os.arch: &amp;apos;amd64&amp;apos;, os.version: &amp;apos;10.0&amp;apos;, java.version: &amp;apos;21.0.6&amp;apos;
Driver info: org.openqa.selenium.edge.EdgeDriver
Command: [9c04f3b8adcdcb65c7d3bf271a6c0ee1, findElement {using=xpath, value=//*[@id=&amp;quot;form&amp;quot;]/div[3]/div/div/button}]
Capabilities {acceptInsecureCerts: false, browserName: MicrosoftEdge, browserVersion: 153.0.4234.32, fedcm:accounts: true, goog:processID: 15148, ms:edgeOptions: {debuggerAddress: localhost:33402}, msedge: {msedgedriverVersion: 153.0.4234.32 (9aab8632678b..., userDataDir: C:\Users\racha\AppData\Loca...}, networkConnectionEnabled: false, pageLoadStrategy: normal, platformName: windows, proxy: Proxy(), se:cdp: ws://localhost:33402/devtoo..., se:cdpVersion: 153.0.4234.32, setWindowRect: true, strictFileInteractability: false, timeouts: {implicit: 0, pageLoad: 300000, script: 30000}, unhandledPromptBehavior: dismiss and notify, webauthn:extension:cmtgKey: true, webauthn:extension:credBlob: true, webauthn:extension:largeBlob: true, webauthn:extension:minPinLength: true, webauthn:extension:prf: true, webauthn:virtualAuthenticators: true}
Session ID: 9c04f3b8adcdcb65c7d3bf271a6c0ee1">
      <![CDATA[org.openqa.selenium.NoSuchElementException: no such element: Unable to locate element: {"method":"xpath","selector":"//*[@id="form"]/div[3]/div/div/button"}
  (Session info: MicrosoftEdge=153.0.4234.32)
For documentation on this error, please visit: https://www.selenium.dev/documentation/webdriver/troubleshooting/errors#nosuchelementexception
Build info: version: '4.40.0', revision: 'b3333f1'
System info: os.name: 'Windows 11', os.arch: 'amd64', os.version: '10.0', java.version: '21.0.6'
Driver info: org.openqa.selenium.edge.EdgeDriver
Command: [9c04f3b8adcdcb65c7d3bf271a6c0ee1, findElement {using=xpath, value=//*[@id="form"]/div[3]/div/div/button}]
Capabilities {acceptInsecureCerts: false, browserName: MicrosoftEdge, browserVersion: 153.0.4234.32, fedcm:accounts: true, goog:processID: 15148, ms:edgeOptions: {debuggerAddress: localhost:33402}, msedge: {msedgedriverVersion: 153.0.4234.32 (9aab8632678b..., userDataDir: C:\Users\racha\AppData\Loca...}, networkConnectionEnabled: false, pageLoadStrategy: normal, platformName: windows, proxy: Proxy(), se:cdp: ws://localhost:33402/devtoo..., se:cdpVersion: 153.0.4234.32, setWindowRect: true, strictFileInteractability: false, timeouts: {implicit: 0, pageLoad: 300000, script: 30000}, unhandledPromptBehavior: dismiss and notify, webauthn:extension:cmtgKey: true, webauthn:extension:credBlob: true, webauthn:extension:largeBlob: true, webauthn:extension:minPinLength: true, webauthn:extension:prf: true, webauthn:virtualAuthenticators: true}
Session ID: 9c04f3b8adcdcb65c7d3bf271a6c0ee1
at org.openqa.selenium.remote.ErrorCodec.decode(ErrorCodec.java:169)
at org.openqa.selenium.remote.codec.w3c.W3CHttpResponseCodec.decode(W3CHttpResponseCodec.java:142)
at org.openqa.selenium.remote.codec.w3c.W3CHttpResponseCodec.decode(W3CHttpResponseCodec.java:49)
at org.openqa.selenium.remote.HttpCommandExecutor.execute(HttpCommandExecutor.java:223)
at org.openqa.selenium.remote.service.DriverCommandExecutor.invokeExecute(DriverCommandExecutor.java:216)
at org.openqa.selenium.remote.service.DriverCommandExecutor.execute(DriverCommandExecutor.java:174)
at org.openqa.selenium.remote.RemoteWebDriver.execute(RemoteWebDriver.java:601)
at org.openqa.selenium.remote.ElementLocation$ElementFinder$2.findElement(ElementLocation.java:166)
at org.openqa.selenium.remote.ElementLocation.findElement(ElementLocation.java:60)
at org.openqa.selenium.remote.RemoteWebDriver.findElement(RemoteWebDriver.java:424)
at org.openqa.selenium.remote.RemoteWebDriver.findElement(RemoteWebDriver.java:418)
at com.automation.LoginTest.loginIncorrectemailTest(LoginTest.java:44)
at java.base/java.util.ArrayList.forEach(ArrayList.java:1596)
... Removed 25 stack frames]]>
    </failure>
  </testcase> <!-- loginIncorrectemailTest -->
  <testcase classname="com.automation.LoginTest" name="loginIncorrectpwdTest" time="9.434"/>
</testsuite> <!-- Login Test -->
