<?xml version="1.0" encoding="UTF-8"?>
<!-- Generated by org.testng.reporters.JUnitXMLReporter -->
<testsuite ignored="0" hostname="DESKTOP-7439PIB" failures="1" tests="3" name="Test" time="36.825" errors="0" timestamp="2026-09-19T21:18:19 IST">
  <testcase classname="com.test.LoginTest" name="validLoginTest" time="0.914">
    <failure type="java.lang.AssertionError" message="expected [JavaByKiran | Dashboard] but found [JavaByKiran | Log in]">
      <![CDATA[java.lang.AssertionError: expected [JavaByKiran | Dashboard] but found [JavaByKiran | Log in]
at com.test.LoginTest.validLoginTest(LoginTest.java:34)
at java.base/java.util.ArrayList.forEach(ArrayList.java:1596)
... Removed 31 stack frames]]>
    </failure>
  </testcase> <!-- validLoginTest -->
  <testcase classname="com.test.RegisterTest" name="validRegisterTest" time="0.934"/>
  <testcase classname="com.test.AddUserTest" name="validAddUserTest" time="12.512"/>
</testsuite> <!-- Test -->
