<?xml version="1.0" encoding="UTF-8"?>
<testng-results ignored="0" total="2" passed="2" failed="0" skipped="0">
  <reporter-output>
  </reporter-output>
  <suite started-at="2026-09-24T15:25:09 IST" name="Default suite" finished-at="2026-09-24T15:25:29 IST" duration-ms="20587">
    <groups>
    </groups>
    <test started-at="2026-09-24T15:25:09 IST" name="Default test" finished-at="2026-09-24T15:25:29 IST" duration-ms="20587">
      <class name="com.automation.HomeWork_Task_DataProviderForm_ExelSheet">
        <test-method is-config="true" signature="openBrowser()[pri:0, instance:com.automation.HomeWork_Task_DataProviderForm_ExelSheet@55182842]" started-at="2026-09-24T15:25:11 IST" name="openBrowser" finished-at="2026-09-24T15:25:19 IST" duration-ms="8555" status="PASS">
          <reporter-output>
          </reporter-output>
        </test-method> <!-- openBrowser -->
        <test-method signature="login(java.lang.String,java.lang.String)[pri:0, instance:com.automation.HomeWork_Task_DataProviderForm_ExelSheet@55182842]" started-at="2026-09-24T15:25:19 IST" name="login" data-provider="logindata" finished-at="2026-09-24T15:25:21 IST" duration-ms="2060" status="PASS">
          <params>
            <param index="0">
              <value>
                <![CDATA[kiran@gmail.com]]>
              </value>
            </param>
            <param index="1">
              <value>
                <![CDATA[123456.0]]>
              </value>
            </param>
          </params>
          <reporter-output>
          </reporter-output>
        </test-method> <!-- login -->
        <test-method is-config="true" signature="closeBrowser()[pri:0, instance:com.automation.HomeWork_Task_DataProviderForm_ExelSheet@55182842]" started-at="2026-09-24T15:25:21 IST" name="closeBrowser" finished-at="2026-09-24T15:25:22 IST" duration-ms="559" status="PASS">
          <reporter-output>
          </reporter-output>
        </test-method> <!-- closeBrowser -->
        <test-method is-config="true" signature="openBrowser()[pri:0, instance:com.automation.HomeWork_Task_DataProviderForm_ExelSheet@55182842]" started-at="2026-09-24T15:25:22 IST" name="openBrowser" finished-at="2026-09-24T15:25:28 IST" duration-ms="6535" status="PASS">
          <reporter-output>
          </reporter-output>
        </test-method> <!-- openBrowser -->
        <test-method signature="login(java.lang.String,java.lang.String)[pri:0, instance:com.automation.HomeWork_Task_DataProviderForm_ExelSheet@55182842]" started-at="2026-09-24T15:25:28 IST" name="login" data-provider="logindata" finished-at="2026-09-24T15:25:29 IST" duration-ms="722" status="PASS">
          <params>
            <param index="0">
              <value>
                <![CDATA[admin@gmail.com]]>
              </value>
            </param>
            <param index="1">
              <value>
                <![CDATA[password123]]>
              </value>
            </param>
          </params>
          <reporter-output>
          </reporter-output>
        </test-method> <!-- login -->
        <test-method is-config="true" signature="closeBrowser()[pri:0, instance:com.automation.HomeWork_Task_DataProviderForm_ExelSheet@55182842]" started-at="2026-09-24T15:25:29 IST" name="closeBrowser" finished-at="2026-09-24T15:25:29 IST" duration-ms="486" status="PASS">
          <reporter-output>
          </reporter-output>
        </test-method> <!-- closeBrowser -->
      </class> <!-- com.automation.HomeWork_Task_DataProviderForm_ExelSheet -->
    </test> <!-- Default test -->
  </suite> <!-- Default suite -->
</testng-results>
