<?xml version="1.0" encoding="UTF-8"?>
<!-- Generated by org.testng.reporters.JUnitXMLReporter -->
<testsuite ignored="0" hostname="DESKTOP-7439PIB" failures="0" tests="2" name="Default test" time="20.587" errors="0" timestamp="2026-09-24T15:25:30 IST">
  <testcase classname="com.automation.HomeWork_Task_DataProviderForm_ExelSheet" name="login" time="2.06"/>
  <testcase classname="com.automation.HomeWork_Task_DataProviderForm_ExelSheet" name="login" time="0.722"/>
</testsuite> <!-- Default test -->
