<?xml version="1.0" encoding="UTF-8"?>
<!-- Generated by org.testng.reporters.JUnitReportReporter -->
<testsuite hostname="DESKTOP-7439PIB" failures="0" tests="3" name="com.automation.TestNGroups" time="0.029" errors="0" timestamp="2026-09-22T19:26:09 IST" skipped="0">
  <testcase classname="com.automation.TestNGroups" name="Logout" time="0.003"/>
  <testcase classname="com.automation.TestNGroups" name="login" time="0.003"/>
  <testcase classname="com.automation.TestNGroups" name="Displayusers" time="0.023"/>
</testsuite> <!-- com.automation.TestNGroups -->
