<?xml version="1.0" encoding="UTF-8"?>
<!-- Generated by org.testng.reporters.JUnitXMLReporter -->
<testsuite ignored="0" hostname="DESKTOP-7439PIB" failures="0" tests="3" name="Functional Test" time="0.141" errors="0" timestamp="2026-09-22T19:26:09 IST">
  <testcase classname="com.automation.TestNGroups" name="Displayusers" time="0.023"/>
  <testcase classname="com.automation.TestNGroups" name="Logout" time="0.003"/>
  <testcase classname="com.automation.TestNGroups" name="login" time="0.003"/>
</testsuite> <!-- Functional Test -->
