<?xml version="1.0" encoding="UTF-8"?>
<!-- Generated by org.testng.reporters.JUnitXMLReporter -->
<testsuite ignored="0" hostname="DESKTOP-7439PIB" failures="1" tests="2" name="Test" time="0.158" errors="0" timestamp="2026-09-22T20:41:55 IST">
  <testcase classname="com.automation.ParameterTest" name="addition" time="0.029"/>
  <testcase classname="com.automation.ParameterTest" name="substraction" time="0.0">
    <failure type="org.testng.TestNGException" message="
Parameter &amp;apos;val2&amp;apos; is required by @Test on method substraction but has not been marked @Optional or defined
in H:\Java By Kiran Recording\Recording\Selenium Testing\Sep22_TestNG_Groups\testng-parameters.xml">
      <![CDATA[org.testng.TestNGException: 
Parameter 'val2' is required by @Test on method substraction but has not been marked @Optional or defined
in H:\Java By Kiran Recording\Recording\Selenium Testing\Sep22_TestNG_Groups\testng-parameters.xml
at java.base/java.util.ArrayList.forEach(ArrayList.java:1596)
... Removed 26 stack frames]]>
    </failure>
  </testcase> <!-- substraction -->
</testsuite> <!-- Test -->
