<?xml version="1.0" encoding="UTF-8"?>
<testng-results ignored="0" total="1" passed="1" failed="0" skipped="0">
  <reporter-output>
  </reporter-output>
  <suite started-at="2026-09-11T20:52:38 IST" name="Default suite" finished-at="2026-09-11T20:52:52 IST" duration-ms="13736">
    <groups>
    </groups>
    <test started-at="2026-09-11T20:52:38 IST" name="Default test" finished-at="2026-09-11T20:52:52 IST" duration-ms="13736">
      <class name="com.automation.HomeWorkTask3_NegativeEmptyFields">
        <test-method is-config="true" signature="openBrowser()[pri:0, instance:com.automation.HomeWorkTask3_NegativeEmptyFields@2d7275fc]" started-at="2026-09-11T20:52:38 IST" name="openBrowser" finished-at="2026-09-11T20:52:51 IST" duration-ms="12532" status="PASS">
          <reporter-output>
          </reporter-output>
        </test-method> <!-- openBrowser -->
        <test-method signature="emptyFieldsTest()[pri:0, instance:com.automation.HomeWorkTask3_NegativeEmptyFields@2d7275fc]" started-at="2026-09-11T20:52:51 IST" name="emptyFieldsTest" finished-at="2026-09-11T20:52:51 IST" duration-ms="369" status="PASS">
          <reporter-output>
          </reporter-output>
        </test-method> <!-- emptyFieldsTest -->
        <test-method is-config="true" signature="closeBrowser()[pri:0, instance:com.automation.HomeWorkTask3_NegativeEmptyFields@2d7275fc]" started-at="2026-09-11T20:52:51 IST" name="closeBrowser" finished-at="2026-09-11T20:52:52 IST" duration-ms="741" status="PASS">
          <reporter-output>
          </reporter-output>
        </test-method> <!-- closeBrowser -->
      </class> <!-- com.automation.HomeWorkTask3_NegativeEmptyFields -->
    </test> <!-- Default test -->
  </suite> <!-- Default suite -->
</testng-results>
